
> app-metodo-itr@0.1.0 build
> next build

  ▲ Next.js 14.2.0

   Creating an optimized production build ...
 ✓ Compiled successfully
   Linting and checking validity of types ...
   Collecting page data ...
   Generating static pages (0/19) ...
   Generating static pages (4/19) 
   Generating static pages (9/19) 
   Generating static pages (14/19) 
 ✓ Generating static pages (19/19)
   Finalizing page optimization ...
   Collecting build traces ...

Route (app)                              Size     First Load JS
┌ ○ /                                    424 B          87.5 kB
├ ○ /_not-found                          147 B          87.3 kB
├ ○ /admin                               8.87 kB         255 kB
├ ○ /admin/leads                         128 kB          374 kB
├ ○ /app                                 9.01 kB         259 kB
├ ○ /app/atividades                      8.08 kB         131 kB
├ ○ /app/aulas                           4.85 kB         251 kB
├ ○ /app/dicionario                      6.05 kB         137 kB
├ ○ /app/estudar                         6.17 kB         140 kB
├ ○ /app/flashcards                      11.3 kB         266 kB
├ ○ /app/grammar-checklist               8.59 kB         262 kB
├ ○ /app/mirror-triggers                 6.14 kB         260 kB
├ ○ /app/pac-actions                     1.91 kB         132 kB
├ ○ /app/perfil                          60.8 kB         321 kB
├ ○ /app/prompts                         8.43 kB         139 kB
├ ○ /app/vocabulary                      21.4 kB         278 kB
└ ○ /login                               6.43 kB         263 kB
+ First Load JS shared by all            87.1 kB
  ├ chunks/1582-eefe2665bc07832c.js      31.5 kB
  ├ chunks/fd9d1056-990d53882db80393.js  53.6 kB
  └ other shared chunks (total)          1.98 kB


○  (Static)  prerendered as static content

